<?xml version="1.0" encoding="UTF-8"?>
<testsuite name="com.example.retailstore.service.discount.DiscountServiceTest" tests="8" skipped="0" failures="0" errors="0" timestamp="2024-02-09T05:24:03" hostname="w1" time="0.289">
  <properties/>
  <testcase name="GivenUserIsEmployeeOnlyGroceries_CalculateNetPayable_EmployeeDiscountAndFixedDiscountApplies()" classname="com.example.retailstore.service.discount.DiscountServiceTest" time="0.253"/>
  <testcase name="GivenUserIsLongTerm_CalculateNetPayable_LongTermDiscountAndFixedDiscountApplies()" classname="com.example.retailstore.service.discount.DiscountServiceTest" time="0.005"/>
  <testcase name="GivenUserIsEmployeeAndCartValueLessThan100ForGroceries_CalculateNetPayable_NoDiscountApplies()" classname="com.example.retailstore.service.discount.DiscountServiceTest" time="0.005"/>
  <testcase name="GivenUserIsNewToWebsite_CalculateNetPayable_OnlyFixedDiscountApplies()" classname="com.example.retailstore.service.discount.DiscountServiceTest" time="0.003"/>
  <testcase name="GivenUserIsAffiliateAndEmployee_CalculateNetPayable_EmployeeDiscountAndFixedDiscountApplies()" classname="com.example.retailstore.service.discount.DiscountServiceTest" time="0.004"/>
  <testcase name="GivenUserIsEmployee_CalculateNetPayable_EmployeeDiscountAndFixedDiscountApplies()" classname="com.example.retailstore.service.discount.DiscountServiceTest" time="0.004"/>
  <testcase name="GivenUserIsEmployeeAndCartValueLessThan100_CalculateNetPayable_OnlyEmployeeDiscountApplies()" classname="com.example.retailstore.service.discount.DiscountServiceTest" time="0.004"/>
  <testcase name="GivenUserIsAffiliate_CalculateNetPayable_AffiliateDiscountAndFixedDiscountApplies()" classname="com.example.retailstore.service.discount.DiscountServiceTest" time="0.003"/>
  <system-out><![CDATA[]]></system-out>
  <system-err><![CDATA[]]></system-err>
</testsuite>
