<?xml version="1.0" encoding="UTF-8"?>
<testsuite name="com.example.retailstore.service.customer.CustomerServiceTest" tests="2" skipped="0" failures="0" errors="0" timestamp="2024-02-09T05:24:02" hostname="w1" time="0.22">
  <properties/>
  <testcase name="findCustomerByIdTest_Success()" classname="com.example.retailstore.service.customer.CustomerServiceTest" time="0.214"/>
  <testcase name="findCustomerByIdTest_Failure()" classname="com.example.retailstore.service.customer.CustomerServiceTest" time="0.004"/>
  <system-out><![CDATA[]]></system-out>
  <system-err><![CDATA[]]></system-err>
</testsuite>
