<?xml version="1.0" encoding="UTF-8"?>
<testsuite name="com.example.retailstore.controller.CartNetPayableControllerTest" tests="4" skipped="0" failures="0" errors="0" timestamp="2024-02-09T05:23:57" hostname="w1" time="5.61">
  <properties/>
  <testcase name="findCardNetPayableTest_Success()" classname="com.example.retailstore.controller.CartNetPayableControllerTest" time="1.452"/>
  <testcase name="givenCustomerIdNull_FindCardNetPayableTest_Failed_BadRequest()" classname="com.example.retailstore.controller.CartNetPayableControllerTest" time="4.073"/>
  <testcase name="givenPurchaseItemsNull_FindCardNetPayableTest_Failed_BadRequest()" classname="com.example.retailstore.controller.CartNetPayableControllerTest" time="0.03"/>
  <testcase name="findCardNetPayableTest_Success_Ok()" classname="com.example.retailstore.controller.CartNetPayableControllerTest" time="0.048"/>
  <system-out><![CDATA[10:54:00.001 [Test worker] INFO org.hibernate.validator.internal.util.Version -- HV000001: Hibernate Validator 8.0.1.Final
10:54:01.727 [Test worker] INFO org.springframework.mock.web.MockServletContext -- Initializing Spring TestDispatcherServlet ''
10:54:01.728 [Test worker] INFO org.springframework.test.web.servlet.TestDispatcherServlet -- Initializing Servlet ''
10:54:01.738 [Test worker] INFO org.springframework.test.web.servlet.TestDispatcherServlet -- Completed initialization in 8 ms
10:54:02.918 [Test worker] INFO org.springframework.mock.web.MockServletContext -- Initializing Spring TestDispatcherServlet ''
10:54:02.919 [Test worker] INFO org.springframework.test.web.servlet.TestDispatcherServlet -- Initializing Servlet ''
10:54:02.919 [Test worker] INFO org.springframework.test.web.servlet.TestDispatcherServlet -- Completed initialization in 0 ms
10:54:02.949 [Test worker] INFO org.springframework.mock.web.MockServletContext -- Initializing Spring TestDispatcherServlet ''
10:54:02.950 [Test worker] INFO org.springframework.test.web.servlet.TestDispatcherServlet -- Initializing Servlet ''
10:54:02.950 [Test worker] INFO org.springframework.test.web.servlet.TestDispatcherServlet -- Completed initialization in 0 ms
]]></system-out>
  <system-err><![CDATA[]]></system-err>
</testsuite>
