<?xml version="1.0" encoding="UTF-8"?>
<testsuite name="com.example.retailstore.service.item.type.ItemTypeServiceTest" tests="1" skipped="0" failures="0" errors="0" timestamp="2024-02-09T05:24:03" hostname="w1" time="0.099">
  <properties/>
  <testcase name="findAllTest()" classname="com.example.retailstore.service.item.type.ItemTypeServiceTest" time="0.099"/>
  <system-out><![CDATA[]]></system-out>
  <system-err><![CDATA[]]></system-err>
</testsuite>
